2015-02-15 01:04:58,858 [ERROR] mwb.views: [180.0, 45.0, 45.0, 45.0, 45.0, 45.0, 45.0, 45.0, 45.0, 45.0, 45.0, 45.0, 45.0, 45.0, 45.0, 45.0, 45.0, 45.0, 45.0, 45.0, 45.0, 45.0, 45.0, 45.0, 45.0, 45.0, 45.0, 45.0, 45.0, 45.0, 45.0, 45.0, 45.0, 45.0, 45.0, 45.0, 45.0, 45.0, 45.0, 45.0, 45.0, 45.0, 45.0, 45.0, 45.0, 45.0, 45.0, 45.0, 45.0, 45.0, 45.0, 45.0, 45.0, 45.0, 45.0, 45.0, 45.0, 45.0, 45.0, 45.0, 45.0, 45.0, 45.0, 45.0, 45.0, 45.0, 45.0, 45.0, 45.0, 45.0, 45.0, 45.0, 45.0, 45.0, 45.0, 45.0, 45.0, 45.0, 45.0, 45.0, 45.0, 45.0, 45.0, 45.0, 45.0, 45.0, 45.0, 45.0, 45.0, 45.0, 45.0, 45.0, 45.0, 45.0, 45.0, 45.0, 45.0, 45.0, 45.0, 45.0, 45.0, 45.0, 45.0, 45.0, 45.0, 45.0, 45.0, 45.0, 45.0, 45.0, 45.0, 45.0, 45.0, 45.0, 45.0, 45.0, 45.0, 45.0, 45.0, 45.0, 45.0, 45.0, 45.0, 45.0, 45.0, 45.0, 45.0, 45.0, 45.0, 45.0, 45.0, 45.0, 45.0, 45.0, 45.0, 45.0, 45.0, 45.0, 45.0, 45.0, 45.0, 45.0, 45.0, 45.0, 45.0, 45.0, 45.0, 45.0, 45.0, 45.0, 45.0, 45.0, 45.0, 45.0, 45.0, 45.0, 45.0, 45.0, 45.0, 45.0, 45.0, 45.0, 45.0, 45.0, 45.0, 45.0, 45.0, 45.0, 45.0, 45.0, 45.0, 45.0, 45.0, 45.0, 45.0, 45.0, 45.0, 45.0, 45.0, 45.0, 45.0, 45.0, 45.0, 45.0, 45.0, 45.0, 45.0, 45.0, 45.0, 45.0, 45.0, 45.0, 45.0, 45.0, 45.0, 45.0, 45.0, 45.0, 45.0, 45.0, 45.0, 45.0, 45.0, 45.0, 45.0, 45.0, 45.0, 45.0, 45.0, 45.0, 45.0, 45.0, 45.0, 45.0, 45.0, 45.0, 45.0, 45.0, 45.0, 45.0, 45.0, 45.0, 45.0, 45.0, 45.0, 45.0, 45.0, 45.0, 45.0, 45.0, 45.0, 45.0, 45.0, 45.0, 45.0, 45.0, 45.0, 45.0, 45.0, 45.0, 45.0, 45.0, 45.0, 45.0, 45.0, 45.0, 45.0, 45.0, 45.0, 45.0, 45.0, 45.0, 45.0, 45.0, 45.0, 45.0, 45.0, 45.0, 45.0, 45.0, 45.0, 45.0, 45.0, 45.0, 45.0, 45.0, 45.0, 45.0, 45.0, 45.0, 45.0, 45.0, 45.0, 45.0, 45.0, 45.0, 45.0, 45.0, 45.0, 45.0, 45.0, 45.0, 45.0, 45.0, 45.0, 45.0, 45.0, 45.0, 45.0, 45.0, 45.0, 45.0, 45.0, 45.0, 45.0, 45.0, 45.0, 45.0, 45.0, 45.0, 45.0, 45.0, 45.0, 45.0, 45.0, 45.0, 45.0, 45.0, 45.0, 45.0, 45.0, 45.0, 45.0, 45.0, 45.0, 45.0, 45.0, 45.0, 45.0, 45.0, 45.0, 45.0, 45.0, 45.0, 45.0, 45.0, 45.0, 45.0, 45.0, 45.0, 45.0, 45.0, 45.0, 45.0, 45.0, 45.0, 45.0, 45.0, 45.0, 45.0, 45.0, 45.0, 45.0, 45.0, 45.0, 45.0, 45.0, 45.0, 45.0, 45.0, 45.0, 45.0, 45.0, 45.0, 45.0, 45.0, 45.0, 45.0, 45.0, 45.0, 45.0, 45.0, 45.0, 45.0, 45.0, 45.0, 45.0, 45.0, 45.0, 45.0, 45.0, 45.0, 45.0, 45.0, 45.0, 45.0, 45.0, 45.0, 45.0, 45.0, 45.0, 45.0, 45.0, 45.0, 45.0, 45.0, 45.0, 45.0, 45.0, 45.0, 45.0, 45.0, 45.0, 45.0, 45.0, 45.0, 45.0, 45.0, 45.0, 45.0, 45.0, 45.0, 45.0, 45.0, 45.0, 45.0, 45.0, 45.0, 45.0, 45.0, 45.0, 45.0, 45.0, 45.0, 45.0, 45.0, 45.0, 45.0, 45.0, 45.0, 45.0, 45.0, 45.0, 45.0, 45.0, 45.0, 45.0, 45.0, 45.0, 45.0, 45.0, 45.0, 45.0, 45.0, 45.0, 45.0, 45.0, 45.0, 45.0, 45.0, 45.0, 45.0, 45.0, 45.0, 45.0, 45.0, 45.0, 45.0, 45.0, 45.0, 45.0, 45.0, 45.0, 45.0, 45.0, 45.0, 45.0, 45.0, 45.0, 45.0, 45.0, 45.0, 45.0, 45.0, 45.0, 45.0, 45.0, 45.0, 45.0, 45.0, 45.0, 45.0, 45.0, 45.0, 45.0, 45.0, 45.0, 45.0, 45.0, 45.0, 45.0, 45.0, 45.0, 45.0, 45.0, 45.0, 45.0, 45.0, 45.0, 45.0, 45.0, 45.0, 45.0, 45.0, 45.0, 45.0, 45.0, 45.0, 45.0, 45.0, 45.0, 45.0, 45.0, 45.0, 45.0, 45.0, 45.0, 45.0, 45.0, 45.0, 45.0, 45.0, 45.0, 45.0, 45.0, 45.0, 45.0, 45.0, 45.0, 45.0, 45.0, 45.0, 45.0, 45.0, 45.0, 45.0, 45.0, 45.0, 45.0, 45.0, 45.0, 45.0, 45.0, 45.0, 45.0, 45.0, 45.0, 45.0, 45.0, 45.0, 45.0, 45.0, 45.0, 45.0, 45.0, 45.0, 45.0, 45.0, 45.0, 45.0, 45.0, 45.0, 45.0, 45.0, 45.0, 45.0, 45.0, 45.0, 45.0, 45.0, 45.0, 45.0, 45.0, 45.0, 45.0, 45.0, 45.0, 45.0, 45.0, 45.0, 45.0, 45.0, 45.0, 45.0, 45.0, 45.0, 45.0, 45.0, 45.0, 45.0, 45.0, 45.0, 45.0, 45.0, 45.0, 45.0, 45.0, 45.0, 45.0, 45.0, 45.0, 45.0, 45.0, 45.0, 45.0, 45.0, 45.0, 45.0, 45.0, 45.0, 45.0, 45.0, 45.0, 45.0, 45.0, 45.0, 45.0, 45.0, 45.0, 45.0, 45.0, 45.0, 45.0, 45.0, 45.0, 45.0, 45.0, 45.0, 45.0, 45.0, 45.0, 45.0, 45.0, 45.0, 45.0, 45.0, 45.0, 45.0, 45.0, 45.0, 45.0, 45.0, 45.0, 45.0, 45.0, 45.0, 45.0, 45.0, 45.0, 45.0, 45.0, 45.0, 45.0, 45.0, 45.0, 45.0, 45.0, 45.0, 45.0, 45.0, 45.0, 45.0, 45.0, 45.0, 45.0, 45.0, 45.0, 45.0, 45.0, 45.0, 45.0, 45.0, 45.0, 45.0, 45.0, 45.0, 45.0, 45.0, 45.0, 45.0, 45.0, 45.0, 45.0, 45.0, 45.0, 45.0, 45.0, 45.0, 45.0, 45.0, 45.0, 45.0, 45.0, 45.0, 45.0, 45.0, 45.0, 45.0, 45.0, 45.0, 45.0, 45.0, 45.0, 45.0, 45.0, 45.0, 45.0, 45.0, 45.0, 45.0, 45.0, 45.0, 45.0, 45.0, 45.0, 45.0, 45.0, 45.0, 45.0, 45.0, 45.0, 45.0, 45.0, 45.0, 45.0, 45.0, 45.0, 45.0, 45.0, 45.0, 45.0, 45.0, 45.0, 45.0, 45.0, 45.0, 45.0, 45.0, 45.0, 45.0, 45.0, 45.0, 45.0, 45.0, 45.0, 45.0, 45.0, 45.0, 45.0, 45.0, 45.0, 45.0, 45.0, 45.0, 45.0, 45.0, 45.0, 45.0, 45.0, 45.0, 45.0, 45.0, 45.0, 45.0, 45.0, 45.0, 45.0, 45.0, 45.0, 45.0, 45.0, 45.0, 45.0, 45.0, 45.0, 45.0, 45.0, 45.0, 45.0, 45.0, 45.0, 45.0, 45.0, 45.0, 45.0, 45.0, 45.0, 45.0, 45.0, 45.0, 45.0, 45.0, 45.0, 45.0, 45.0, 45.0, 45.0, 45.0, 45.0, 45.0, 45.0, 45.0, 45.0, 45.0, 45.0, 45.0, 45.0, 45.0, 45.0, 45.0, 45.0, 45.0, 45.0, 45.0, 45.0, 45.0, 45.0, 45.0, 45.0, 45.0, 45.0, 45.0, 45.0, 45.0, 45.0, 45.0, 45.0, 45.0, 45.0, 45.0, 45.0, 45.0, 45.0, 45.0, 45.0, 45.0, 45.0, 45.0, 45.0, 45.0, 45.0, 45.0, 45.0, 45.0, 45.0, 45.0, 45.0, 45.0, 45.0, 45.0, 45.0, 45.0, 45.0, 45.0, 45.0, 45.0, 45.0, 45.0, 45.0, 45.0, 45.0, 45.0, 45.0, 45.0, 45.0, 45.0, 45.0, 45.0, 45.0, 45.0, 45.0, 45.0, 45.0, 45.0, 45.0, 45.0, 45.0, 45.0, 45.0, 45.0, 45.0, 45.0, 45.0, 45.0, 45.0, 45.0, 45.0, 45.0, 45.0, 45.0, 45.0, 45.0, 45.0, 45.0, 45.0, 45.0, 45.0, 45.0, 45.0, 45.0, 45.0, 45.0, 45.0, 45.0, 45.0, 45.0, 45.0, 45.0, 45.0, 45.0, 45.0, 45.0, 45.0, 45.0, 45.0, 45.0, 45.0, 45.0, 45.0, 45.0, 45.0, 45.0, 45.0, 45.0, 45.0, 45.0, 45.0, 45.0, 45.0, 45.0, 45.0, 45.0, 45.0, 45.0, 45.0, 45.0, 45.0, 45.0, 45.0, 45.0, 45.0, 45.0, 45.0, 45.0, 45.0, 45.0, 45.0, 45.0, 45.0, 45.0, 45.0, 45.0, 45.0, 45.0, 45.0, 45.0, 45.0, 45.0, 45.0, 45.0, 45.0, 45.0, 45.0, 45.0, 45.0, 45.0, 45.0, 45.0, 45.0, 45.0, 45.0, 45.0, 45.0, 45.0, 45.0, 45.0, 45.0, 45.0, 45.0, 45.0, 45.0, 45.0, 45.0, 45.0, 45.0, 45.0, 45.0, 45.0, 45.0, 45.0, 45.0, 45.0, 45.0, 45.0, 45.0, 45.0, 45.0, 45.0, 45.0, 45.0, 45.0, 45.0, 45.0, 45.0, 45.0, 45.0, 45.0, 45.0, 45.0, 45.0]
2015-02-15 01:04:59,128 [ERROR] mwb.views: Arsenal Man United
2015-02-15 01:04:59,129 [ERROR] mwb.views: [Decimal('39.01'), Decimal('21.47'), Decimal('37.07'), Decimal('68.42'), Decimal('31.58')]
2015-02-15 01:04:59,129 [ERROR] mwb.views: [[ 1.]]
2015-02-15 01:04:59,388 [ERROR] mwb.views: Arsenal QPR
2015-02-15 01:04:59,389 [ERROR] mwb.views: [None, None, None, Decimal('68.42'), Decimal('31.58')]
2015-02-15 01:04:59,390 [ERROR] mwb.views: [[ 0.]]
2015-02-15 01:04:59,658 [ERROR] mwb.views: Arsenal Newcastle
2015-02-15 01:04:59,659 [ERROR] mwb.views: [Decimal('55.73'), Decimal('22.25'), Decimal('20.65'), Decimal('68.42'), Decimal('31.58')]
2015-02-15 01:04:59,659 [ERROR] mwb.views: [[ 1.]]
2015-02-15 01:04:59,922 [ERROR] mwb.views: Arsenal Stoke
2015-02-15 01:04:59,923 [ERROR] mwb.views: [Decimal('58.26'), Decimal('22.04'), Decimal('18.35'), Decimal('68.42'), Decimal('31.58')]
2015-02-15 01:04:59,923 [ERROR] mwb.views: [[ 1.]]
2015-02-15 01:05:00,184 [ERROR] mwb.views: Arsenal Burnley
2015-02-15 01:05:00,185 [ERROR] mwb.views: [None, None, None, Decimal('68.42'), Decimal('31.58')]
2015-02-15 01:05:00,186 [ERROR] mwb.views: [[ 0.]]
2015-02-15 01:05:00,440 [ERROR] mwb.views: Arsenal Southampton
2015-02-15 01:05:00,441 [ERROR] mwb.views: [Decimal('53.26'), Decimal('22.36'), Decimal('22.95'), Decimal('68.42'), Decimal('31.58')]
2015-02-15 01:05:00,441 [ERROR] mwb.views: [[ 1.]]
2015-02-15 01:05:00,713 [ERROR] mwb.views: Aston Villa Crystal Palace
2015-02-15 01:05:00,714 [ERROR] mwb.views: [Decimal('44.26'), Decimal('30.61'), Decimal('24.99'), Decimal('31.58'), Decimal('68.42')]
2015-02-15 01:05:00,715 [ERROR] mwb.views: [[ 1.]]
2015-02-15 01:05:00,986 [ERROR] mwb.views: Aston Villa Southampton
2015-02-15 01:05:00,987 [ERROR] mwb.views: [Decimal('35.75'), Decimal('28.25'), Decimal('35.75'), Decimal('31.58'), Decimal('68.42')]
2015-02-15 01:05:00,988 [ERROR] mwb.views: [[ 1.]]
2015-02-15 01:05:01,257 [ERROR] mwb.views: Aston Villa Tottenham
2015-02-15 01:05:01,258 [ERROR] mwb.views: [Decimal('32.56'), Decimal('27.07'), Decimal('40.01'), Decimal('31.58'), Decimal('68.42')]
2015-02-15 01:05:01,258 [ERROR] mwb.views: [[ 1.]]
2015-02-15 01:05:01,530 [ERROR] mwb.views: Aston Villa Leicester
2015-02-15 01:05:01,531 [ERROR] mwb.views: [None, None, None, Decimal('31.58'), Decimal('68.42')]
2015-02-15 01:05:01,531 [ERROR] mwb.views: [[ 0.]]
2015-02-15 01:05:01,800 [ERROR] mwb.views: Aston Villa Sunderland
2015-02-15 01:05:01,801 [ERROR] mwb.views: [Decimal('38.02'), Decimal('29.00'), Decimal('32.78'), Decimal('31.58'), Decimal('68.42')]
2015-02-15 01:05:01,802 [ERROR] mwb.views: [[ 1.]]
2015-02-15 01:05:02,070 [ERROR] mwb.views: Aston Villa Man United
2015-02-15 01:05:02,071 [ERROR] mwb.views: [Decimal('23.70'), Decimal('22.80'), Decimal('52.23'), Decimal('31.58'), Decimal('68.42')]
2015-02-15 01:05:02,071 [ERROR] mwb.views: [[ 1.]]
2015-02-15 01:05:02,338 [ERROR] mwb.views: Burnley Liverpool
2015-02-15 01:05:02,339 [ERROR] mwb.views: [None, None, None, None, None]
2015-02-15 01:05:02,339 [ERROR] mwb.views: [[ 0.]]
2015-02-15 01:05:02,619 [ERROR] mwb.views: Burnley Newcastle
2015-02-15 01:05:02,620 [ERROR] mwb.views: [None, None, None, None, None]
2015-02-15 01:05:02,621 [ERROR] mwb.views: [[ 0.]]
2015-02-15 01:05:02,890 [ERROR] mwb.views: Burnley Aston Villa
2015-02-15 01:05:02,891 [ERROR] mwb.views: [None, None, None, None, None]
2015-02-15 01:05:02,891 [ERROR] mwb.views: [[ 0.]]
2015-02-15 01:05:03,160 [ERROR] mwb.views: Burnley Hull
2015-02-15 01:05:03,161 [ERROR] mwb.views: [None, None, None, None, None]
2015-02-15 01:05:03,161 [ERROR] mwb.views: [[ 0.]]
2015-02-15 01:05:03,434 [ERROR] mwb.views: Burnley Southampton
2015-02-15 01:05:03,434 [ERROR] mwb.views: [None, None, None, None, None]
2015-02-15 01:05:03,435 [ERROR] mwb.views: [[ 0.]]
2015-02-15 01:05:03,712 [ERROR] mwb.views: Burnley QPR
2015-02-15 01:05:03,713 [ERROR] mwb.views: [None, None, None, None, None]
2015-02-15 01:05:03,714 [ERROR] mwb.views: [[ 0.]]
2015-02-15 01:05:03,992 [ERROR] mwb.views: Chelsea West Ham
2015-02-15 01:05:03,993 [ERROR] mwb.views: [Decimal('67.92'), Decimal('17.77'), Decimal('11.49'), Decimal('78.95'), Decimal('21.05')]
2015-02-15 01:05:03,994 [ERROR] mwb.views: [[ 1.]]
2015-02-15 01:05:04,264 [ERROR] mwb.views: Chelsea Hull
2015-02-15 01:05:04,264 [ERROR] mwb.views: [Decimal('64.24'), Decimal('18.58'), Decimal('14.33'), Decimal('78.95'), Decimal('21.05')]
2015-02-15 01:05:04,265 [ERROR] mwb.views: [[ 1.]]
2015-02-15 01:05:04,541 [ERROR] mwb.views: Chelsea Tottenham
2015-02-15 01:05:04,542 [ERROR] mwb.views: [Decimal('55.97'), Decimal('19.76'), Decimal('21.24'), Decimal('78.95'), Decimal('21.05')]
2015-02-15 01:05:04,543 [ERROR] mwb.views: [[ 1.]]
2015-02-15 01:05:04,859 [ERROR] mwb.views: Chelsea Newcastle
2015-02-15 01:05:04,860 [ERROR] mwb.views: [Decimal('61.82'), Decimal('19.02'), Decimal('16.28'), Decimal('78.95'), Decimal('21.05')]
2015-02-15 01:05:04,860 [ERROR] mwb.views: [[ 1.]]
2015-02-15 01:05:05,128 [ERROR] mwb.views: Chelsea West Brom
2015-02-15 01:05:05,129 [ERROR] mwb.views: [Decimal('63.03'), Decimal('18.81'), Decimal('15.30'), Decimal('78.95'), Decimal('21.05')]
2015-02-15 01:05:05,129 [ERROR] mwb.views: [[ 1.]]
2015-02-15 01:05:05,399 [ERROR] mwb.views: Chelsea QPR
2015-02-15 01:05:05,400 [ERROR] mwb.views: [None, None, None, Decimal('78.95'), Decimal('21.05')]
2015-02-15 01:05:05,401 [ERROR] mwb.views: [[ 0.]]
2015-02-15 01:05:05,677 [ERROR] mwb.views: Crystal Palace Liverpool
2015-02-15 01:05:05,678 [ERROR] mwb.views: [Decimal('11.99'), Decimal('16.33'), Decimal('67.25'), Decimal('42.11'), Decimal('57.90')]
2015-02-15 01:05:05,679 [ERROR] mwb.views: [[ 1.]]
2015-02-15 01:05:05,948 [ERROR] mwb.views: Crystal Palace Stoke
2015-02-15 01:05:05,949 [ERROR] mwb.views: [Decimal('34.02'), Decimal('31.88'), Decimal('34.02'), Decimal('42.11'), Decimal('57.90')]
2015-02-15 01:05:05,949 [ERROR] mwb.views: [[ 1.]]
2015-02-15 01:05:06,218 [ERROR] mwb.views: Crystal Palace Southampton
2015-02-15 01:05:06,219 [ERROR] mwb.views: [Decimal('29.73'), Decimal('29.69'), Decimal('40.42'), Decimal('42.11'), Decimal('57.90')]
2015-02-15 01:05:06,219 [ERROR] mwb.views: [[ 1.]]
2015-02-15 01:05:06,479 [ERROR] mwb.views: Crystal Palace Aston Villa
2015-02-15 01:05:06,480 [ERROR] mwb.views: [Decimal('35.17'), Decimal('32.41'), Decimal('32.34'), Decimal('42.11'), Decimal('57.90')]
2015-02-15 01:05:06,480 [ERROR] mwb.views: [[ 1.]]
2015-02-15 01:05:06,752 [ERROR] mwb.views: Crystal Palace Tottenham
2015-02-15 01:05:06,753 [ERROR] mwb.views: [Decimal('26.84'), Decimal('28.02'), Decimal('44.86'), Decimal('42.11'), Decimal('57.90')]
2015-02-15 01:05:06,754 [ERROR] mwb.views: [[ 1.]]
2015-02-15 01:05:07,015 [ERROR] mwb.views: Crystal Palace Sunderland
2015-02-15 01:05:07,016 [ERROR] mwb.views: [Decimal('31.80'), Decimal('30.79'), Decimal('37.28'), Decimal('42.11'), Decimal('57.90')]
2015-02-15 01:05:07,016 [ERROR] mwb.views: [[ 1.]]
2015-03-22 21:19:54,584 [ERROR] mwb.views: [180.0, 45.0, 45.0, 45.0, 45.0, 45.0, 45.0, 45.0, 45.0, 45.0, 45.0, 45.0, 45.0, 45.0, 45.0, 45.0, 45.0, 45.0, 45.0, 45.0, 45.0, 45.0, 45.0, 45.0, 45.0, 45.0, 45.0, 45.0, 45.0, 45.0, 45.0, 45.0, 45.0, 45.0, 45.0, 45.0, 45.0, 45.0, 45.0, 45.0, 45.0, 45.0, 45.0, 45.0, 45.0, 45.0, 45.0, 45.0, 45.0, 45.0, 45.0, 45.0, 45.0, 45.0, 45.0, 45.0, 45.0, 45.0, 45.0, 45.0, 45.0, 45.0, 45.0, 45.0, 45.0, 45.0, 45.0, 45.0, 45.0, 45.0, 45.0, 45.0, 45.0, 45.0, 45.0, 45.0, 45.0, 45.0, 45.0, 45.0, 45.0, 45.0, 45.0, 45.0, 45.0, 45.0, 45.0, 45.0, 45.0, 45.0, 45.0, 45.0, 45.0, 45.0, 45.0, 45.0, 45.0, 45.0, 45.0, 45.0, 45.0, 45.0, 45.0, 45.0, 45.0, 45.0, 45.0, 45.0, 45.0, 45.0, 45.0, 45.0, 45.0, 45.0, 45.0, 45.0, 45.0, 45.0, 45.0, 45.0, 45.0, 45.0, 45.0, 45.0, 45.0, 45.0, 45.0, 45.0, 45.0, 45.0, 45.0, 45.0, 45.0, 45.0, 45.0, 45.0, 45.0, 45.0, 45.0, 45.0, 45.0, 45.0, 45.0, 45.0, 45.0, 45.0, 45.0, 45.0, 45.0, 45.0, 45.0, 45.0, 45.0, 45.0, 45.0, 45.0, 45.0, 45.0, 45.0, 45.0, 45.0, 45.0, 45.0, 45.0, 45.0, 45.0, 45.0, 45.0, 45.0, 45.0, 45.0, 45.0, 45.0, 45.0, 45.0, 45.0, 45.0, 45.0, 45.0, 45.0, 45.0, 45.0, 45.0, 45.0, 45.0, 45.0, 45.0, 45.0, 45.0, 45.0, 45.0, 45.0, 45.0, 45.0, 45.0, 45.0, 45.0, 45.0, 45.0, 45.0, 45.0, 45.0, 45.0, 45.0, 45.0, 45.0, 45.0, 45.0, 45.0, 45.0, 45.0, 45.0, 45.0, 45.0, 45.0, 45.0, 45.0, 45.0, 45.0, 45.0, 45.0, 45.0, 45.0, 45.0, 45.0, 45.0, 45.0, 45.0, 45.0, 45.0, 45.0, 45.0, 45.0, 45.0, 45.0, 45.0, 45.0, 45.0, 45.0, 45.0, 45.0, 45.0, 45.0, 45.0, 45.0, 45.0, 45.0, 45.0, 45.0, 45.0, 45.0, 45.0, 45.0, 45.0, 45.0, 45.0, 45.0, 45.0, 45.0, 45.0, 45.0, 45.0, 45.0, 45.0, 45.0, 45.0, 45.0, 45.0, 45.0, 45.0, 45.0, 45.0, 45.0, 45.0, 45.0, 45.0, 45.0, 45.0, 45.0, 45.0, 45.0, 45.0, 45.0, 45.0, 45.0, 45.0, 45.0, 45.0, 45.0, 45.0, 45.0, 45.0, 45.0, 45.0, 45.0, 45.0, 45.0, 45.0, 45.0, 45.0, 45.0, 45.0, 45.0, 45.0, 45.0, 45.0, 45.0, 45.0, 45.0, 45.0, 45.0, 45.0, 45.0, 45.0, 45.0, 45.0, 45.0, 45.0, 45.0, 45.0, 45.0, 45.0, 45.0, 45.0, 45.0, 45.0, 45.0, 45.0, 45.0, 45.0, 45.0, 45.0, 45.0, 45.0, 45.0, 45.0, 45.0, 45.0, 45.0, 45.0, 45.0, 45.0, 45.0, 45.0, 45.0, 45.0, 45.0, 45.0, 45.0, 45.0, 45.0, 45.0, 45.0, 45.0, 45.0, 45.0, 45.0, 45.0, 45.0, 45.0, 45.0, 45.0, 45.0, 45.0, 45.0, 45.0, 45.0, 45.0, 45.0, 45.0, 45.0, 45.0, 45.0, 45.0, 45.0, 45.0, 45.0, 45.0, 45.0, 45.0, 45.0, 45.0, 45.0, 45.0, 45.0, 45.0, 45.0, 45.0, 45.0, 45.0, 45.0, 45.0, 45.0, 45.0, 45.0, 45.0, 45.0, 45.0, 45.0, 45.0, 45.0, 45.0, 45.0, 45.0, 45.0, 45.0, 45.0, 45.0, 45.0, 45.0, 45.0, 45.0, 45.0, 45.0, 45.0, 45.0, 45.0, 45.0, 45.0, 45.0, 45.0, 45.0, 45.0, 45.0, 45.0, 45.0, 45.0, 45.0, 45.0, 45.0, 45.0, 45.0, 45.0, 45.0, 45.0, 45.0, 45.0, 45.0, 45.0, 45.0, 45.0, 45.0, 45.0, 45.0, 45.0, 45.0, 45.0, 45.0, 45.0, 45.0, 45.0, 45.0, 45.0, 45.0, 45.0, 45.0, 45.0, 45.0, 45.0, 45.0, 45.0, 45.0, 45.0, 45.0, 45.0, 45.0, 45.0, 45.0, 45.0, 45.0, 45.0, 45.0, 45.0, 45.0, 45.0, 45.0, 45.0, 45.0, 45.0, 45.0, 45.0, 45.0, 45.0, 45.0, 45.0, 45.0, 45.0, 45.0, 45.0, 45.0, 45.0, 45.0, 45.0, 45.0, 45.0, 45.0, 45.0, 45.0, 45.0, 45.0, 45.0, 45.0, 45.0, 45.0, 45.0, 45.0, 45.0, 45.0, 45.0, 45.0, 45.0, 45.0, 45.0, 45.0, 45.0, 45.0, 45.0, 45.0, 45.0, 45.0, 45.0, 45.0, 45.0, 45.0, 45.0, 45.0, 45.0, 45.0, 45.0, 45.0, 45.0, 45.0, 45.0, 45.0, 45.0, 45.0, 45.0, 45.0, 45.0, 45.0, 45.0, 45.0, 45.0, 45.0, 45.0, 45.0, 45.0, 45.0, 45.0, 45.0, 45.0, 45.0, 45.0, 45.0, 45.0, 45.0, 45.0, 45.0, 45.0, 45.0, 45.0, 45.0, 45.0, 45.0, 45.0, 45.0, 45.0, 45.0, 45.0, 45.0, 45.0, 45.0, 45.0, 45.0, 45.0, 45.0, 45.0, 45.0, 45.0, 45.0, 45.0, 45.0, 45.0, 45.0, 45.0, 45.0, 45.0, 45.0, 45.0, 45.0, 45.0, 45.0, 45.0, 45.0, 45.0, 45.0, 45.0, 45.0, 45.0, 45.0, 45.0, 45.0, 45.0, 45.0, 45.0, 45.0, 45.0, 45.0, 45.0, 45.0, 45.0, 45.0, 45.0, 45.0, 45.0, 45.0, 45.0, 45.0, 45.0, 45.0, 45.0, 45.0, 45.0, 45.0, 45.0, 45.0, 45.0, 45.0, 45.0, 45.0, 45.0, 45.0, 45.0, 45.0, 45.0, 45.0, 45.0, 45.0, 45.0, 45.0, 45.0, 45.0, 45.0, 45.0, 45.0, 45.0, 45.0, 45.0, 45.0, 45.0, 45.0, 45.0, 45.0, 45.0, 45.0, 45.0, 45.0, 45.0, 45.0, 45.0, 45.0, 45.0, 45.0, 45.0, 45.0, 45.0, 45.0, 45.0, 45.0, 45.0, 45.0, 45.0, 45.0, 45.0, 45.0, 45.0, 45.0, 45.0, 45.0, 45.0, 45.0, 45.0, 45.0, 45.0, 45.0, 45.0, 45.0, 45.0, 45.0, 45.0, 45.0, 45.0, 45.0, 45.0, 45.0, 45.0, 45.0, 45.0, 45.0, 45.0, 45.0, 45.0, 45.0, 45.0, 45.0, 45.0, 45.0, 45.0, 45.0, 45.0, 45.0, 45.0, 45.0, 45.0, 45.0, 45.0, 45.0, 45.0, 45.0, 45.0, 45.0, 45.0, 45.0, 45.0, 45.0, 45.0, 45.0, 45.0, 45.0, 45.0, 45.0, 45.0, 45.0, 45.0, 45.0, 45.0, 45.0, 45.0, 45.0, 45.0, 45.0, 45.0, 45.0, 45.0, 45.0, 45.0, 45.0, 45.0, 45.0, 45.0, 45.0, 45.0, 45.0, 45.0, 45.0, 45.0, 45.0, 45.0, 45.0, 45.0, 45.0, 45.0, 45.0, 45.0, 45.0, 45.0, 45.0, 45.0, 45.0, 45.0, 45.0, 45.0, 45.0, 45.0, 45.0, 45.0, 45.0, 45.0, 45.0, 45.0, 45.0, 45.0, 45.0, 45.0, 45.0, 45.0, 45.0, 45.0, 45.0, 45.0, 45.0, 45.0, 45.0, 45.0, 45.0, 45.0, 45.0, 45.0, 45.0, 45.0, 45.0, 45.0, 45.0, 45.0, 45.0, 45.0, 45.0, 45.0, 45.0, 45.0, 45.0, 45.0, 45.0, 45.0, 45.0, 45.0, 45.0, 45.0, 45.0, 45.0, 45.0, 45.0, 45.0, 45.0, 45.0, 45.0, 45.0, 45.0, 45.0, 45.0, 45.0, 45.0, 45.0, 45.0, 45.0, 45.0, 45.0, 45.0, 45.0, 45.0, 45.0, 45.0, 45.0, 45.0, 45.0, 45.0, 45.0, 45.0, 45.0, 45.0, 45.0, 45.0, 45.0, 45.0, 45.0, 45.0, 45.0, 45.0, 45.0, 45.0, 45.0, 45.0, 45.0, 45.0, 45.0, 45.0, 45.0, 45.0, 45.0, 45.0, 45.0, 45.0, 45.0, 45.0, 45.0, 45.0, 45.0, 45.0, 45.0, 45.0, 45.0, 45.0, 45.0, 45.0, 45.0, 45.0, 45.0, 45.0, 45.0, 45.0, 45.0, 45.0, 45.0, 45.0, 45.0, 45.0, 45.0, 45.0, 45.0, 45.0, 45.0, 45.0, 45.0, 45.0, 45.0, 45.0, 45.0, 45.0, 45.0, 45.0, 45.0, 45.0, 45.0, 45.0, 45.0, 45.0, 45.0, 45.0, 45.0, 45.0, 45.0, 45.0, 45.0, 45.0, 45.0, 45.0, 45.0, 45.0, 45.0, 45.0, 45.0, 45.0, 45.0, 45.0, 45.0, 45.0, 45.0, 45.0, 45.0, 45.0, 45.0, 45.0, 45.0, 45.0, 45.0, 45.0, 45.0, 45.0, 45.0, 45.0, 45.0, 45.0, 45.0, 45.0, 45.0, 45.0, 45.0, 45.0, 45.0, 45.0, 45.0, 45.0, 45.0, 45.0, 45.0, 45.0, 45.0, 45.0, 45.0, 45.0, 45.0, 45.0, 45.0, 45.0, 45.0, 45.0, 45.0, 45.0, 45.0, 45.0, 45.0, 45.0, 45.0, 45.0, 45.0, 45.0, 45.0, 45.0, 45.0, 45.0, 45.0, 45.0, 45.0, 45.0, 45.0, 45.0, 45.0, 45.0, 45.0, 45.0]
2015-03-22 21:19:54,793 [ERROR] mwb.views: Arsenal Man United
2015-03-22 21:19:54,794 [ERROR] mwb.views: [Decimal('39.01'), Decimal('21.47'), Decimal('37.07'), Decimal('68.42'), Decimal('31.58')]
2015-03-22 21:19:54,794 [ERROR] mwb.views: [[ 1.]]
2015-03-22 21:19:54,978 [ERROR] mwb.views: Arsenal QPR
2015-03-22 21:19:54,979 [ERROR] mwb.views: [None, None, None, Decimal('68.42'), Decimal('31.58')]
2015-03-22 21:19:54,979 [ERROR] mwb.views: [[ 0.]]
2015-03-22 21:19:55,181 [ERROR] mwb.views: Arsenal Newcastle
2015-03-22 21:19:55,182 [ERROR] mwb.views: [Decimal('55.73'), Decimal('22.25'), Decimal('20.65'), Decimal('68.42'), Decimal('31.58')]
2015-03-22 21:19:55,183 [ERROR] mwb.views: [[ 1.]]
2015-03-22 21:19:55,459 [ERROR] mwb.views: Arsenal Stoke
2015-03-22 21:19:55,460 [ERROR] mwb.views: [Decimal('58.26'), Decimal('22.04'), Decimal('18.35'), Decimal('68.42'), Decimal('31.58')]
2015-03-22 21:19:55,460 [ERROR] mwb.views: [[ 1.]]
2015-03-22 21:19:55,652 [ERROR] mwb.views: Arsenal Burnley
2015-03-22 21:19:55,653 [ERROR] mwb.views: [None, None, None, Decimal('68.42'), Decimal('31.58')]
2015-03-22 21:19:55,653 [ERROR] mwb.views: [[ 0.]]
2015-03-22 21:19:55,834 [ERROR] mwb.views: Arsenal Southampton
2015-03-22 21:19:55,835 [ERROR] mwb.views: [Decimal('53.26'), Decimal('22.36'), Decimal('22.95'), Decimal('68.42'), Decimal('31.58')]
2015-03-22 21:19:55,835 [ERROR] mwb.views: [[ 1.]]
2015-03-22 21:19:56,023 [ERROR] mwb.views: Aston Villa Crystal Palace
2015-03-22 21:19:56,023 [ERROR] mwb.views: [Decimal('44.26'), Decimal('30.61'), Decimal('24.99'), Decimal('31.58'), Decimal('68.42')]
2015-03-22 21:19:56,024 [ERROR] mwb.views: [[ 1.]]
2015-03-22 21:19:56,247 [ERROR] mwb.views: Aston Villa Southampton
2015-03-22 21:19:56,248 [ERROR] mwb.views: [Decimal('35.75'), Decimal('28.25'), Decimal('35.75'), Decimal('31.58'), Decimal('68.42')]
2015-03-22 21:19:56,249 [ERROR] mwb.views: [[ 1.]]
2015-03-22 21:19:56,483 [ERROR] mwb.views: Aston Villa Tottenham
2015-03-22 21:19:56,483 [ERROR] mwb.views: [Decimal('32.56'), Decimal('27.07'), Decimal('40.01'), Decimal('31.58'), Decimal('68.42')]
2015-03-22 21:19:56,484 [ERROR] mwb.views: [[ 1.]]
2015-03-22 21:19:56,685 [ERROR] mwb.views: Aston Villa Leicester
2015-03-22 21:19:56,686 [ERROR] mwb.views: [None, None, None, Decimal('31.58'), Decimal('68.42')]
2015-03-22 21:19:56,687 [ERROR] mwb.views: [[ 0.]]
2015-03-22 21:19:56,904 [ERROR] mwb.views: Aston Villa Sunderland
2015-03-22 21:19:56,904 [ERROR] mwb.views: [Decimal('38.02'), Decimal('29.00'), Decimal('32.78'), Decimal('31.58'), Decimal('68.42')]
2015-03-22 21:19:56,905 [ERROR] mwb.views: [[ 1.]]
2015-03-22 21:19:57,089 [ERROR] mwb.views: Aston Villa Man United
2015-03-22 21:19:57,090 [ERROR] mwb.views: [Decimal('23.70'), Decimal('22.80'), Decimal('52.23'), Decimal('31.58'), Decimal('68.42')]
2015-03-22 21:19:57,090 [ERROR] mwb.views: [[ 1.]]
2015-03-22 21:19:57,312 [ERROR] mwb.views: Burnley Liverpool
2015-03-22 21:19:57,312 [ERROR] mwb.views: [None, None, None, None, None]
2015-03-22 21:19:57,312 [ERROR] mwb.views: [[ 0.]]
2015-03-22 21:19:57,596 [ERROR] mwb.views: Burnley Newcastle
2015-03-22 21:19:57,597 [ERROR] mwb.views: [None, None, None, None, None]
2015-03-22 21:19:57,598 [ERROR] mwb.views: [[ 0.]]
2015-03-22 21:19:57,790 [ERROR] mwb.views: Burnley Aston Villa
2015-03-22 21:19:57,791 [ERROR] mwb.views: [None, None, None, None, None]
2015-03-22 21:19:57,791 [ERROR] mwb.views: [[ 0.]]
2015-03-22 21:19:57,995 [ERROR] mwb.views: Burnley Hull
2015-03-22 21:19:57,996 [ERROR] mwb.views: [None, None, None, None, None]
2015-03-22 21:19:57,996 [ERROR] mwb.views: [[ 0.]]
2015-03-22 21:19:58,186 [ERROR] mwb.views: Burnley Southampton
2015-03-22 21:19:58,186 [ERROR] mwb.views: [None, None, None, None, None]
2015-03-22 21:19:58,187 [ERROR] mwb.views: [[ 0.]]
2015-03-22 21:19:58,399 [ERROR] mwb.views: Burnley QPR
2015-03-22 21:19:58,400 [ERROR] mwb.views: [None, None, None, None, None]
2015-03-22 21:19:58,400 [ERROR] mwb.views: [[ 0.]]
2015-03-22 21:19:58,655 [ERROR] mwb.views: Chelsea West Ham
2015-03-22 21:19:58,656 [ERROR] mwb.views: [Decimal('67.92'), Decimal('17.77'), Decimal('11.49'), Decimal('78.95'), Decimal('21.05')]
2015-03-22 21:19:58,656 [ERROR] mwb.views: [[ 1.]]
2015-03-22 21:19:58,843 [ERROR] mwb.views: Chelsea Hull
2015-03-22 21:19:58,844 [ERROR] mwb.views: [Decimal('64.24'), Decimal('18.58'), Decimal('14.33'), Decimal('78.95'), Decimal('21.05')]
2015-03-22 21:19:58,844 [ERROR] mwb.views: [[ 1.]]
2015-03-22 21:19:59,031 [ERROR] mwb.views: Chelsea Tottenham
2015-03-22 21:19:59,031 [ERROR] mwb.views: [Decimal('55.97'), Decimal('19.76'), Decimal('21.24'), Decimal('78.95'), Decimal('21.05')]
2015-03-22 21:19:59,032 [ERROR] mwb.views: [[ 1.]]
2015-03-22 21:19:59,220 [ERROR] mwb.views: Chelsea Newcastle
2015-03-22 21:19:59,221 [ERROR] mwb.views: [Decimal('61.82'), Decimal('19.02'), Decimal('16.28'), Decimal('78.95'), Decimal('21.05')]
2015-03-22 21:19:59,222 [ERROR] mwb.views: [[ 1.]]
2015-03-22 21:19:59,408 [ERROR] mwb.views: Chelsea West Brom
2015-03-22 21:19:59,409 [ERROR] mwb.views: [Decimal('63.03'), Decimal('18.81'), Decimal('15.30'), Decimal('78.95'), Decimal('21.05')]
2015-03-22 21:19:59,409 [ERROR] mwb.views: [[ 1.]]
2015-03-22 21:19:59,627 [ERROR] mwb.views: Chelsea QPR
2015-03-22 21:19:59,628 [ERROR] mwb.views: [None, None, None, Decimal('78.95'), Decimal('21.05')]
2015-03-22 21:19:59,629 [ERROR] mwb.views: [[ 0.]]
2015-03-22 21:19:59,887 [ERROR] mwb.views: Crystal Palace Liverpool
2015-03-22 21:19:59,888 [ERROR] mwb.views: [Decimal('11.99'), Decimal('16.33'), Decimal('67.25'), Decimal('42.11'), Decimal('57.90')]
2015-03-22 21:19:59,888 [ERROR] mwb.views: [[ 1.]]
2015-03-22 21:20:00,075 [ERROR] mwb.views: Crystal Palace Stoke
2015-03-22 21:20:00,076 [ERROR] mwb.views: [Decimal('34.02'), Decimal('31.88'), Decimal('34.02'), Decimal('42.11'), Decimal('57.90')]
2015-03-22 21:20:00,076 [ERROR] mwb.views: [[ 1.]]
2015-03-22 21:20:00,264 [ERROR] mwb.views: Crystal Palace Southampton
2015-03-22 21:20:00,265 [ERROR] mwb.views: [Decimal('29.73'), Decimal('29.69'), Decimal('40.42'), Decimal('42.11'), Decimal('57.90')]
2015-03-22 21:20:00,266 [ERROR] mwb.views: [[ 1.]]
2015-03-22 21:20:00,455 [ERROR] mwb.views: Crystal Palace Aston Villa
2015-03-22 21:20:00,456 [ERROR] mwb.views: [Decimal('35.17'), Decimal('32.41'), Decimal('32.34'), Decimal('42.11'), Decimal('57.90')]
2015-03-22 21:20:00,457 [ERROR] mwb.views: [[ 1.]]
2015-03-22 21:20:00,702 [ERROR] mwb.views: Crystal Palace Tottenham
2015-03-22 21:20:00,703 [ERROR] mwb.views: [Decimal('26.84'), Decimal('28.02'), Decimal('44.86'), Decimal('42.11'), Decimal('57.90')]
2015-03-22 21:20:00,703 [ERROR] mwb.views: [[ 1.]]
2015-03-22 21:20:00,925 [ERROR] mwb.views: Crystal Palace Sunderland
2015-03-22 21:20:00,926 [ERROR] mwb.views: [Decimal('31.80'), Decimal('30.79'), Decimal('37.28'), Decimal('42.11'), Decimal('57.90')]
2015-03-22 21:20:00,926 [ERROR] mwb.views: [[ 1.]]
